10 24, 2020 22:46:19 PM Server logJVM
INFO : Server version:		DiyTomcat/1.0.1
10 24, 2020 22:46:19 PM Server logJVM
INFO : Server built:		2020-07-08 10:20:22
10 24, 2020 22:46:19 PM Server logJVM
INFO : Server number:		1.0.1
10 24, 2020 22:46:19 PM Server logJVM
INFO : OS Name	:		Windows 10
10 24, 2020 22:46:19 PM Server logJVM
INFO : OS Version:		10.0
10 24, 2020 22:46:19 PM Server logJVM
INFO : Architecture:		amd64
10 24, 2020 22:46:19 PM Server logJVM
INFO : Java Home:		F:\develop-tool\jdk1.8.0_231\jre
10 24, 2020 22:46:19 PM Server logJVM
INFO : JVM Version:		1.8.0_231-b11
10 24, 2020 22:46:19 PM Server logJVM
INFO : JVM Vendor:		Oracle Corporation
10 24, 2020 22:46:42 PM Server logJVM
INFO : Server version:		DiyTomcat/1.0.1
10 24, 2020 22:46:42 PM Server logJVM
INFO : Server built:		2020-07-08 10:20:22
10 24, 2020 22:46:42 PM Server logJVM
INFO : Server number:		1.0.1
10 24, 2020 22:46:42 PM Server logJVM
INFO : OS Name	:		Windows 10
10 24, 2020 22:46:42 PM Server logJVM
INFO : OS Version:		10.0
10 24, 2020 22:46:42 PM Server logJVM
INFO : Architecture:		amd64
10 24, 2020 22:46:42 PM Server logJVM
INFO : Java Home:		F:\develop-tool\jdk1.8.0_231\jre
10 24, 2020 22:46:42 PM Server logJVM
INFO : JVM Version:		1.8.0_231-b11
10 24, 2020 22:46:42 PM Server logJVM
INFO : JVM Vendor:		Oracle Corporation
10 24, 2020 22:47:00 PM Server logJVM
INFO : Server version:		DiyTomcat/1.0.1
10 24, 2020 22:47:00 PM Server logJVM
INFO : Server built:		2020-07-08 10:20:22
10 24, 2020 22:47:00 PM Server logJVM
INFO : Server number:		1.0.1
10 24, 2020 22:47:00 PM Server logJVM
INFO : OS Name	:		Windows 10
10 24, 2020 22:47:00 PM Server logJVM
INFO : OS Version:		10.0
10 24, 2020 22:47:00 PM Server logJVM
INFO : Architecture:		amd64
10 24, 2020 22:47:00 PM Server logJVM
INFO : Java Home:		F:\develop-tool\jdk1.8.0_231\jre
10 24, 2020 22:47:00 PM Server logJVM
INFO : JVM Version:		1.8.0_231-b11
10 24, 2020 22:47:00 PM Server logJVM
INFO : JVM Vendor:		Oracle Corporation
10 24, 2020 22:47:24 PM Server logJVM
INFO : Server version:		DiyTomcat/1.0.1
10 24, 2020 22:47:24 PM Server logJVM
INFO : Server built:		2020-07-08 10:20:22
10 24, 2020 22:47:24 PM Server logJVM
INFO : Server number:		1.0.1
10 24, 2020 22:47:24 PM Server logJVM
INFO : OS Name	:		Windows 10
10 24, 2020 22:47:24 PM Server logJVM
INFO : OS Version:		10.0
10 24, 2020 22:47:24 PM Server logJVM
INFO : Architecture:		amd64
10 24, 2020 22:47:24 PM Server logJVM
INFO : Java Home:		F:\develop-tool\jdk1.8.0_231\jre
10 24, 2020 22:47:24 PM Server logJVM
INFO : JVM Version:		1.8.0_231-b11
10 24, 2020 22:47:24 PM Server logJVM
INFO : JVM Vendor:		Oracle Corporation
10 24, 2020 23:28:27 PM Server logJVM
INFO : Server version:		DiyTomcat/1.0.1
10 24, 2020 23:28:27 PM Server logJVM
INFO : Server built:		2020-07-08 10:20:22
10 24, 2020 23:28:27 PM Server logJVM
INFO : Server number:		1.0.1
10 24, 2020 23:28:27 PM Server logJVM
INFO : OS Name	:		Windows 10
10 24, 2020 23:28:27 PM Server logJVM
INFO : OS Version:		10.0
10 24, 2020 23:28:27 PM Server logJVM
INFO : Architecture:		amd64
10 24, 2020 23:28:27 PM Server logJVM
INFO : Java Home:		F:\develop-tool\jdk1.8.0_231\jre
10 24, 2020 23:28:27 PM Server logJVM
INFO : JVM Version:		1.8.0_231-b11
10 24, 2020 23:28:27 PM Server logJVM
INFO : JVM Vendor:		Oracle Corporation
10 24, 2020 23:29:56 PM Server logJVM
INFO : Server version:		DiyTomcat/1.0.1
10 24, 2020 23:29:56 PM Server logJVM
INFO : Server built:		2020-07-08 10:20:22
10 24, 2020 23:29:56 PM Server logJVM
INFO : Server number:		1.0.1
10 24, 2020 23:29:56 PM Server logJVM
INFO : OS Name	:		Windows 10
10 24, 2020 23:29:56 PM Server logJVM
INFO : OS Version:		10.0
10 24, 2020 23:29:56 PM Server logJVM
INFO : Architecture:		amd64
10 24, 2020 23:29:56 PM Server logJVM
INFO : Java Home:		F:\develop-tool\jdk1.8.0_231\jre
10 24, 2020 23:29:56 PM Server logJVM
INFO : JVM Version:		1.8.0_231-b11
10 24, 2020 23:29:56 PM Server logJVM
INFO : JVM Vendor:		Oracle Corporation
10 24, 2020 23:32:35 PM Server logJVM
INFO : Server version:		DiyTomcat/1.0.1
10 24, 2020 23:32:35 PM Server logJVM
INFO : Server built:		2020-07-08 10:20:22
10 24, 2020 23:32:35 PM Server logJVM
INFO : Server number:		1.0.1
10 24, 2020 23:32:35 PM Server logJVM
INFO : OS Name	:		Windows 10
10 24, 2020 23:32:35 PM Server logJVM
INFO : OS Version:		10.0
10 24, 2020 23:32:35 PM Server logJVM
INFO : Architecture:		amd64
10 24, 2020 23:32:35 PM Server logJVM
INFO : Java Home:		F:\develop-tool\jdk1.8.0_231\jre
10 24, 2020 23:32:35 PM Server logJVM
INFO : JVM Version:		1.8.0_231-b11
10 24, 2020 23:32:35 PM Server logJVM
INFO : JVM Vendor:		Oracle Corporation
10 24, 2020 23:32:47 PM Request parseHttpRequest
INFO : start to parse request
10 24, 2020 23:33:10 PM Request parseHttpRequest
INFO : start to parse request
10 24, 2020 23:33:28 PM Request parseHttpRequest
INFO : start to parse request
10 24, 2020 23:33:41 PM Request parseHttpRequest
INFO : start to parse request
10 24, 2020 23:33:41 PM Request parseHttpRequest
INFO : uri :
10 24, 2020 23:33:41 PM Request parseHttpRequest
INFO : argument :name=joe
10 24, 2020 23:57:18 PM Server logJVM
INFO : Server version:		DiyTomcat/1.0.1
10 24, 2020 23:57:18 PM Server logJVM
INFO : Server built:		2020-07-08 10:20:22
10 24, 2020 23:57:18 PM Server logJVM
INFO : Server number:		1.0.1
10 24, 2020 23:57:18 PM Server logJVM
INFO : OS Name	:		Windows 10
10 24, 2020 23:57:18 PM Server logJVM
INFO : OS Version:		10.0
10 24, 2020 23:57:18 PM Server logJVM
INFO : Architecture:		amd64
10 24, 2020 23:57:18 PM Server logJVM
INFO : Java Home:		F:\develop-tool\jdk1.8.0_231\jre
10 24, 2020 23:57:18 PM Server logJVM
INFO : JVM Version:		1.8.0_231-b11
10 24, 2020 23:57:18 PM Server logJVM
INFO : JVM Vendor:		Oracle Corporation
10 24, 2020 23:57:24 PM Request parseHttpRequest
INFO : start to parse request
10 24, 2020 23:58:02 PM Request parseHttpRequest
INFO : start to parse request
10 24, 2020 23:58:11 PM Request parseHttpRequest
INFO : start to parse request
10 24, 2020 23:58:11 PM Request parseHttpRequest
INFO : uri :
10 24, 2020 23:58:11 PM Request parseHttpRequest
INFO : argument :name=joe
10 24, 2020 23:58:18 PM Request parseHttpRequest
INFO : start to parse request
10 24, 2020 23:58:33 PM Request parseHttpRequest
INFO : start to parse request
10 24, 2020 23:58:33 PM Request parseHttpRequest
INFO : uri :
10 24, 2020 23:58:33 PM Request parseHttpRequest
INFO : argument :name=joe
10 24, 2020 23:59:56 PM Server logJVM
INFO : Server version:		DiyTomcat/1.0.1
10 24, 2020 23:59:56 PM Server logJVM
INFO : Server built:		2020-07-08 10:20:22
10 24, 2020 23:59:56 PM Server logJVM
INFO : Server number:		1.0.1
10 24, 2020 23:59:56 PM Server logJVM
INFO : OS Name	:		Windows 10
10 24, 2020 23:59:56 PM Server logJVM
INFO : OS Version:		10.0
10 24, 2020 23:59:56 PM Server logJVM
INFO : Architecture:		amd64
10 24, 2020 23:59:56 PM Server logJVM
INFO : Java Home:		F:\develop-tool\jdk1.8.0_231\jre
10 24, 2020 23:59:56 PM Server logJVM
INFO : JVM Version:		1.8.0_231-b11
10 24, 2020 23:59:56 PM Server logJVM
INFO : JVM Vendor:		Oracle Corporation
10 24, 2020 23:59:58 PM Request parseHttpRequest
INFO : start to parse request
